21:40:10.715 [main] DEBUG - using default POIXMLDocumentPart for http://schemas.openxmlformats.org/officeDocument/2006/relationships/printerSettings
21:40:11.075 [main] DEBUG - Parsing relationship: /xl/_rels/workbook.xml.rels
21:40:11.077 [main] DEBUG - Parsing relationship: /xl/worksheets/_rels/sheet1.xml.rels
21:40:11.079 [main] DEBUG - Parsing relationship: /_rels/.rels
21:40:11.101 [main] DEBUG - using default POIXMLDocumentPart for http://schemas.openxmlformats.org/officeDocument/2006/relationships/printerSettings
21:40:11.415 [main] DEBUG - Parsing relationship: /xl/_rels/workbook.xml.rels
21:40:11.419 [main] DEBUG - Parsing relationship: /xl/worksheets/_rels/sheet1.xml.rels
21:40:11.420 [main] DEBUG - Parsing relationship: /_rels/.rels
21:40:11.435 [main] DEBUG - using default POIXMLDocumentPart for http://schemas.openxmlformats.org/officeDocument/2006/relationships/printerSettings
21:40:11.941 [main] DEBUG - Parsing relationship: /xl/_rels/workbook.xml.rels
21:40:11.943 [main] DEBUG - Parsing relationship: /xl/worksheets/_rels/sheet1.xml.rels
21:40:11.947 [main] DEBUG - Parsing relationship: /_rels/.rels
21:40:11.982 [main] DEBUG - using default POIXMLDocumentPart for http://schemas.openxmlformats.org/officeDocument/2006/relationships/printerSettings
21:40:12.543 [main] INFO  - Confirm Message is clicked
21:40:20.482 [main] DEBUG - Parsing relationship: /xl/_rels/workbook.xml.rels
21:40:20.484 [main] DEBUG - Parsing relationship: /xl/worksheets/_rels/sheet1.xml.rels
21:40:20.486 [main] DEBUG - Parsing relationship: /_rels/.rels
21:40:20.510 [main] DEBUG - using default POIXMLDocumentPart for http://schemas.openxmlformats.org/officeDocument/2006/relationships/printerSettings
21:40:20.564 [main] TRACE - Resolving type for handle ctsheetdimensiond310type
21:40:20.571 [main] TRACE - Resolving type for handle stref90a2type
21:40:20.598 [main] TRACE - Resolving type for handle propertiesee84doctype
21:40:20.604 [main] TRACE - Resolving type for handle ctproperties3f10type
21:40:20.624 [main] TRACE - Resolving type for handle properties288cdoctype
21:40:20.626 [main] TRACE - Resolving type for handle ctproperties2c18type
21:40:20.664 [main] DEBUG - Save content types part
21:40:20.874 [main] DEBUG - Save package relationships
21:40:20.882 [main] DEBUG - Save part 'docProps/app.xml'
21:40:20.884 [main] DEBUG - Save part 'docProps/core.xml'
21:40:20.892 [main] DEBUG - Save part 'xl/printerSettings/printerSettings1.bin'
21:40:20.893 [main] DEBUG - Save part 'xl/sharedStrings.xml'
21:40:20.893 [main] DEBUG - Save part 'xl/styles.xml'
21:40:20.898 [main] DEBUG - Save part 'xl/theme/theme1.xml'
21:40:20.902 [main] DEBUG - Save part 'xl/workbook.xml'
21:40:20.907 [main] DEBUG - Save part 'xl/worksheets/sheet1.xml'
21:40:21.059 [main] DEBUG - Parsing relationship: /xl/_rels/workbook.xml.rels
21:40:21.061 [main] DEBUG - Parsing relationship: /xl/worksheets/_rels/sheet1.xml.rels
21:40:21.063 [main] DEBUG - Parsing relationship: /_rels/.rels
21:40:21.086 [main] DEBUG - using default POIXMLDocumentPart for http://schemas.openxmlformats.org/officeDocument/2006/relationships/printerSettings
21:40:21.109 [main] TRACE - Resolving type for handle stfontid9d63type
21:40:21.116 [main] TRACE - Resolving type for handle stfillida097type
21:40:21.123 [main] TRACE - Resolving type for handle stborderid1a80type
21:40:21.127 [main] TRACE - Resolving type for handle ctcolord2c2type
21:40:21.143 [main] TRACE - Resolving type for handle ctpatternfill7452type
21:40:21.153 [main] TRACE - Resolving type for handle stpatterntype7939type
21:40:21.199 [main] DEBUG - Save content types part
21:40:21.205 [main] DEBUG - Save package relationships
21:40:21.209 [main] DEBUG - Save part 'docProps/app.xml'
21:40:21.209 [main] DEBUG - Save part 'docProps/core.xml'
21:40:21.216 [main] DEBUG - Save part 'xl/printerSettings/printerSettings1.bin'
21:40:21.217 [main] DEBUG - Save part 'xl/sharedStrings.xml'
21:40:21.219 [main] DEBUG - Save part 'xl/styles.xml'
21:40:21.220 [main] DEBUG - Save part 'xl/theme/theme1.xml'
21:40:21.222 [main] DEBUG - Save part 'xl/workbook.xml'
21:40:21.226 [main] DEBUG - Save part 'xl/worksheets/sheet1.xml'
21:40:23.180 [main] INFO  - Gift Card Label is clicked
21:40:25.046 [main] INFO  - Birthday Card is clicked
21:40:25.423 [main] DEBUG - Parsing relationship: /xl/_rels/workbook.xml.rels
21:40:25.424 [main] DEBUG - Parsing relationship: /xl/worksheets/_rels/sheet1.xml.rels
21:40:25.425 [main] DEBUG - Parsing relationship: /_rels/.rels
21:40:25.436 [main] DEBUG - using default POIXMLDocumentPart for http://schemas.openxmlformats.org/officeDocument/2006/relationships/printerSettings
21:40:25.446 [main] INFO  - Amount is Entered
21:40:25.606 [main] INFO  - Date and Month are selected
21:40:25.943 [main] INFO  - Next button is clicked
21:40:26.342 [main] DEBUG - Parsing relationship: /xl/_rels/workbook.xml.rels
21:40:26.343 [main] DEBUG - Parsing relationship: /xl/worksheets/_rels/sheet1.xml.rels
21:40:26.344 [main] DEBUG - Parsing relationship: /_rels/.rels
21:40:26.353 [main] DEBUG - using default POIXMLDocumentPart for http://schemas.openxmlformats.org/officeDocument/2006/relationships/printerSettings
21:40:26.501 [main] DEBUG - Parsing relationship: /xl/_rels/workbook.xml.rels
21:40:26.502 [main] DEBUG - Parsing relationship: /xl/worksheets/_rels/sheet1.xml.rels
21:40:26.503 [main] DEBUG - Parsing relationship: /_rels/.rels
21:40:26.518 [main] DEBUG - using default POIXMLDocumentPart for http://schemas.openxmlformats.org/officeDocument/2006/relationships/printerSettings
21:40:26.748 [main] DEBUG - Parsing relationship: /xl/_rels/workbook.xml.rels
21:40:26.749 [main] DEBUG - Parsing relationship: /xl/worksheets/_rels/sheet1.xml.rels
21:40:26.750 [main] DEBUG - Parsing relationship: /_rels/.rels
21:40:26.758 [main] DEBUG - using default POIXMLDocumentPart for http://schemas.openxmlformats.org/officeDocument/2006/relationships/printerSettings
21:40:27.134 [main] DEBUG - Parsing relationship: /xl/_rels/workbook.xml.rels
21:40:27.134 [main] DEBUG - Parsing relationship: /xl/worksheets/_rels/sheet1.xml.rels
21:40:27.135 [main] DEBUG - Parsing relationship: /_rels/.rels
21:40:27.148 [main] DEBUG - using default POIXMLDocumentPart for http://schemas.openxmlformats.org/officeDocument/2006/relationships/printerSettings
21:40:27.304 [main] DEBUG - Parsing relationship: /xl/_rels/workbook.xml.rels
21:40:27.305 [main] DEBUG - Parsing relationship: /xl/worksheets/_rels/sheet1.xml.rels
21:40:27.306 [main] DEBUG - Parsing relationship: /_rels/.rels
21:40:27.314 [main] DEBUG - using default POIXMLDocumentPart for http://schemas.openxmlformats.org/officeDocument/2006/relationships/printerSettings
21:40:27.506 [main] DEBUG - Parsing relationship: /xl/_rels/workbook.xml.rels
21:40:27.507 [main] DEBUG - Parsing relationship: /xl/worksheets/_rels/sheet1.xml.rels
21:40:27.511 [main] DEBUG - Parsing relationship: /_rels/.rels
21:40:27.520 [main] DEBUG - using default POIXMLDocumentPart for http://schemas.openxmlformats.org/officeDocument/2006/relationships/printerSettings
21:40:27.689 [main] DEBUG - Parsing relationship: /xl/_rels/workbook.xml.rels
21:40:27.689 [main] DEBUG - Parsing relationship: /xl/worksheets/_rels/sheet1.xml.rels
21:40:27.690 [main] DEBUG - Parsing relationship: /_rels/.rels
21:40:27.701 [main] DEBUG - using default POIXMLDocumentPart for http://schemas.openxmlformats.org/officeDocument/2006/relationships/printerSettings
21:40:27.854 [main] DEBUG - Parsing relationship: /xl/_rels/workbook.xml.rels
21:40:27.854 [main] DEBUG - Parsing relationship: /xl/worksheets/_rels/sheet1.xml.rels
21:40:27.855 [main] DEBUG - Parsing relationship: /_rels/.rels
21:40:27.865 [main] DEBUG - using default POIXMLDocumentPart for http://schemas.openxmlformats.org/officeDocument/2006/relationships/printerSettings
21:40:28.016 [main] INFO  - Confirm Message is clicked
21:40:35.877 [main] DEBUG - Parsing relationship: /xl/_rels/workbook.xml.rels
21:40:35.877 [main] DEBUG - Parsing relationship: /xl/worksheets/_rels/sheet1.xml.rels
21:40:35.878 [main] DEBUG - Parsing relationship: /_rels/.rels
21:40:35.883 [main] DEBUG - using default POIXMLDocumentPart for http://schemas.openxmlformats.org/officeDocument/2006/relationships/printerSettings
21:40:35.915 [main] DEBUG - Save content types part
21:40:35.920 [main] DEBUG - Save package relationships
21:40:35.926 [main] DEBUG - Save part 'docProps/app.xml'
21:40:35.927 [main] DEBUG - Save part 'docProps/core.xml'
21:40:35.932 [main] DEBUG - Save part 'xl/printerSettings/printerSettings1.bin'
21:40:35.933 [main] DEBUG - Save part 'xl/sharedStrings.xml'
21:40:35.933 [main] DEBUG - Save part 'xl/styles.xml'
21:40:35.934 [main] DEBUG - Save part 'xl/theme/theme1.xml'
21:40:35.934 [main] DEBUG - Save part 'xl/workbook.xml'
21:40:35.936 [main] DEBUG - Save part 'xl/worksheets/sheet1.xml'
21:40:35.968 [main] DEBUG - Parsing relationship: /xl/_rels/workbook.xml.rels
21:40:35.970 [main] DEBUG - Parsing relationship: /xl/worksheets/_rels/sheet1.xml.rels
21:40:35.971 [main] DEBUG - Parsing relationship: /_rels/.rels
21:40:35.977 [main] DEBUG - using default POIXMLDocumentPart for http://schemas.openxmlformats.org/officeDocument/2006/relationships/printerSettings
21:40:35.997 [main] DEBUG - Save content types part
21:40:36.000 [main] DEBUG - Save package relationships
21:40:36.001 [main] DEBUG - Save part 'docProps/app.xml'
21:40:36.002 [main] DEBUG - Save part 'docProps/core.xml'
21:40:36.003 [main] DEBUG - Save part 'xl/printerSettings/printerSettings1.bin'
21:40:36.004 [main] DEBUG - Save part 'xl/sharedStrings.xml'
21:40:36.004 [main] DEBUG - Save part 'xl/styles.xml'
21:40:36.004 [main] DEBUG - Save part 'xl/theme/theme1.xml'
21:40:36.005 [main] DEBUG - Save part 'xl/workbook.xml'
21:40:36.007 [main] DEBUG - Save part 'xl/worksheets/sheet1.xml'
21:43:14.053 [main] INFO  - BookShelf option is displayed
21:43:14.218 [main] INFO  - BookShelf option is clicked
21:43:20.425 [main] INFO  - PopUp is closed
21:43:24.451 [main] INFO  - Exclude Out of Stock option is clicked
21:43:27.357 [main] INFO  - Open Storage option is displayed
21:43:32.217 [main] INFO  - High to Low option in Sort By drop down is displayed
21:43:42.107 [main] INFO  - Living Label option is clicked
21:46:36.183 [main] INFO  - BookShelf option is displayed
21:46:36.959 [main] INFO  - BookShelf option is clicked
21:46:42.519 [main] INFO  - PopUp is closed
21:46:46.584 [main] INFO  - Exclude Out of Stock option is clicked
21:46:49.228 [main] INFO  - Open Storage option is displayed
21:46:54.048 [main] INFO  - High to Low option in Sort By drop down is displayed
21:46:58.726 [main] INFO  - Living Label option is clicked
21:49:13.900 [main] INFO  - BookShelf option is displayed
21:49:14.732 [main] INFO  - BookShelf option is clicked
21:49:20.549 [main] INFO  - PopUp is closed
21:49:24.881 [main] INFO  - Exclude Out of Stock option is clicked
21:49:27.646 [main] INFO  - Open Storage option is displayed
21:49:32.359 [main] INFO  - High to Low option in Sort By drop down is displayed
21:49:37.267 [main] INFO  - Living Label option is clicked
21:51:58.266 [main] INFO  - BookShelf option is displayed
21:51:58.444 [main] INFO  - BookShelf option is clicked
21:52:04.577 [main] INFO  - PopUp is closed
21:52:08.640 [main] INFO  - Exclude Out of Stock option is clicked
21:52:11.407 [main] INFO  - Open Storage option is displayed
21:52:16.106 [main] INFO  - High to Low option in Sort By drop down is displayed
21:52:20.669 [main] INFO  - Living Label option is clicked
